<?xml version="1.0" encoding="UTF-8"?>
<!-- Generated by org.testng.reporters.JUnitReportReporter -->
<testsuite hostname="DESKTOP-G1N8O8B" failures="0" tests="1" name="TestWebDriver.LaunchyoutubePhantomJS" time="8.975" errors="0" timestamp="2020-03-08T23:16:04 EDT" skipped="0">
  <testcase classname="TestWebDriver.LaunchyoutubePhantomJS" name="youtubeLaunch" time="8.975"/>
</testsuite> <!-- TestWebDriver.LaunchyoutubePhantomJS -->
