<?xml version="1.0" encoding="UTF-8"?>
<!-- Generated by org.testng.reporters.JUnitReportReporter -->
<testsuite hostname="DESKTOP-G1N8O8B" failures="0" tests="2" name="TestNGPractice.testNgTest" time="0.013" errors="0" timestamp="2020-02-24T22:18:06 EST" skipped="0">
  <testcase classname="TestNGPractice.testNgTest" name="tc3" time="0.001"/>
  <testcase classname="TestNGPractice.testNgTest" name="tc1" time="0.012"/>
</testsuite> <!-- TestNGPractice.testNgTest -->
