<?xml version="1.0" encoding="UTF-8"?>
<!-- Generated by org.testng.reporters.JUnitReportReporter -->
<testsuite hostname="DESKTOP-G1N8O8B" failures="0" tests="1" name="TestWebDriver.Launch" time="13.072" errors="0" timestamp="2020-03-08T18:12:25 EDT" skipped="0">
  <testcase classname="TestWebDriver.Launch" name="googleLaunch" time="13.072"/>
</testsuite> <!-- TestWebDriver.Launch -->
